<?xml version="1.0" encoding="UTF-8"?>
<!-- Generated by org.testng.reporters.JUnitXMLReporter -->
<testsuite ignored="0" hostname="DESKTOP-D5MDPKE" failures="0" tests="3" name="ECM BAT Suite" time="26.52" errors="0" timestamp="2022-07-22T17:19:53 IST">
  <testcase classname="com.caiiht.fusion.selenium.yaksha.YakshaTenantCreate" name="@BeforeClass setUp" time="0.002">
    <failure type="java.io.FileNotFoundException" message="null\Tenant\Createtenant.csv (The system cannot find the path specified)">
      <![CDATA[java.io.FileNotFoundException: null\Tenant\Createtenant.csv (The system cannot find the path specified)
at java.base/java.io.FileInputStream.open0(Native Method)
at java.base/java.io.FileInputStream.open(FileInputStream.java:216)
at java.base/java.io.FileInputStream.<init>(FileInputStream.java:157)
at java.base/java.io.FileInputStream.<init>(FileInputStream.java:111)
at java.base/java.io.FileReader.<init>(FileReader.java:60)
at com.caiiht.fusion.selenium.yaksha.YakshaTenantCreate.setUp(YakshaTenantCreate.java:27)
at java.base/java.util.ArrayList.forEach(ArrayList.java:1511)
... Removed 25 stack frames]]>
    </failure>
  </testcase> <!-- @BeforeClass setUp -->
  <testcase classname="com.caiiht.fusion.selenium.controls.BaseSetup" name="launchBrowser" time="2.93"/>
  <testcase classname="com.caiiht.fusion.selenium.yaksha.yakshalogin" name="yLogin" time="23.547"/>
  <testcase classname="com.caiiht.fusion.selenium.yaksha.YakshaTenantCreate" name="YTenantCreate" time="0.0">
    <skipped/>
  </testcase> <!-- YTenantCreate -->
</testsuite> <!-- ECM BAT Suite -->
