<?xml version="1.0" encoding="UTF-8"?>
<!-- Generated by org.testng.reporters.JUnitReportReporter -->
<testsuite hostname="DESKTOP-D5MDPKE" failures="0" tests="1" name="com.caiiht.fusion.selenium.yaksha.YakshaUserimport" time="31.942" errors="0" timestamp="2022-07-25T14:54:51 IST" skipped="0">
  <testcase classname="com.caiiht.fusion.selenium.yaksha.YakshaUserimport" name="YTenantCreate" time="31.942"/>
  <system-out>
    <![CDATA[×
File uploaded successfully
File uploaded successfully]]>
  </system-out>
</testsuite> <!-- com.caiiht.fusion.selenium.yaksha.YakshaUserimport -->
