<?xml version="1.0" encoding="UTF-8"?>
<!-- Generated by org.testng.reporters.JUnitXMLReporter -->
<testsuite ignored="0" hostname="DESKTOP-D5MDPKE" failures="0" tests="3" name="Yaksha BAT Suite" time="51.338" errors="0" timestamp="2022-07-26T13:17:56 IST">
  <testcase classname="com.caiiht.fusion.selenium.controls.BaseSetup" name="launchBrowser" time="2.326"/>
  <testcase classname="com.caiiht.fusion.selenium.yaksha.yakshalogin" name="YLogin" time="25.465"/>
  <testcase classname="com.caiiht.fusion.selenium.yaksha.YakshaQuestionCreate" name="YQuestioncreate" time="23.509"/>
</testsuite> <!-- Yaksha BAT Suite -->
